1484366198218	geckodriver	INFO	Listening on 127.0.0.1:54001
1484366200213	mozprofile::profile	INFO	Using profile path C:\Users\HF_BI\AppData\Local\Temp\rust_mozprofile.iMNmTFISQVVA
1484366200218	geckodriver::marionette	INFO	Starting browser C:\Program Files (x86)\ParseHub\parsehub.exe
1484366200251	geckodriver::marionette	INFO	Connecting to Marionette on localhost:54007
JavaScript warning: chrome://phapp/content/js/index.html.js, line 22: TypeError: asm.js type error: double is not a subtype of int
JavaScript warning: chrome://phapp/content/js/index.html.js, line 61: mutating the [[Prototype]] of an object will cause your code to run very slowly; instead create the object with the correct initial [[Prototype]] value using Object.create
JavaScript error: chrome://global/content/viewZoomOverlay.js, line 44: SyntaxError: missing ; before statement
JavaScript warning: https://js.intercomcdn.com/frame.8c646799.js, line 28: mutating the [[Prototype]] of an object will cause your code to run very slowly; instead create the object with the correct initial [[Prototype]] value using Object.create
1484366413366	geckodriver	INFO	Listening on 127.0.0.1:54165
1484366415368	mozprofile::profile	INFO	Using profile path C:\Users\HF_BI\AppData\Local\Temp\rust_mozprofile.6EV3tTd3awEu
1484366415376	geckodriver::marionette	INFO	Starting browser C:\Program Files (x86)\Mozilla Firefox\firefox.exe
1484366415385	geckodriver::marionette	INFO	Connecting to Marionette on localhost:54171
1484366416025	Marionette	INFO	Listening on port 54171
1484366488865	geckodriver	INFO	Listening on 127.0.0.1:54271
1484366490873	mozprofile::profile	INFO	Using profile path C:\Users\HF_BI\AppData\Local\Temp\rust_mozprofile.d1dBCFj9F5xa
1484366490885	geckodriver::marionette	INFO	Starting browser C:\Program Files (x86)\Mozilla Firefox\firefox.exe
1484366490893	geckodriver::marionette	INFO	Connecting to Marionette on localhost:54277
1484366491632	Marionette	INFO	Listening on port 54277
1484366553814	addons.productaddons	WARN	Failed downloading via XHR, status: 0, reason: error
1484366578640	geckodriver	INFO	Listening on 127.0.0.1:54338
1484366580652	mozprofile::profile	INFO	Using profile path C:\Users\HF_BI\AppData\Local\Temp\rust_mozprofile.gIQ7E0uMHoq8
1484366580667	geckodriver::marionette	INFO	Starting browser C:\Program Files (x86)\Mozilla Firefox\firefox.exe
1484366580678	geckodriver::marionette	INFO	Connecting to Marionette on localhost:54344
1484366581247	Marionette	INFO	Listening on port 54344
1484366678816	geckodriver	INFO	Listening on 127.0.0.1:54451
1484366680849	mozprofile::profile	INFO	Using profile path C:\Users\HF_BI\AppData\Local\Temp\rust_mozprofile.dRwHwKsulYMw
1484366680858	geckodriver::marionette	INFO	Starting browser C:\Program Files (x86)\Mozilla Firefox\firefox.exe
1484366680867	geckodriver::marionette	INFO	Connecting to Marionette on localhost:54457
1484366681428	Marionette	INFO	Listening on port 54457
[Child 1628] ###!!! ABORT: Aborting on channel error.: file c:/builds/moz2_slave/m-rel-w32-00000000000000000000/build/src/ipc/glue/MessageChannel.cpp, line 2056
1484366835477	geckodriver	INFO	Listening on 127.0.0.1:54509
1484366837503	mozprofile::profile	INFO	Using profile path C:\Users\HF_BI\AppData\Local\Temp\rust_mozprofile.L5M2xiTLB7ML
1484366837512	geckodriver::marionette	INFO	Starting browser C:\Program Files (x86)\Mozilla Firefox\firefox.exe
1484366837522	geckodriver::marionette	INFO	Connecting to Marionette on localhost:54515
1484366838058	Marionette	INFO	Listening on port 54515
[Child 13732] ###!!! ABORT: Aborting on channel error.: file c:/builds/moz2_slave/m-rel-w32-00000000000000000000/build/src/ipc/glue/MessageChannel.cpp, line 2056
1484366857477	geckodriver	INFO	Listening on 127.0.0.1:54556
1484366859488	mozprofile::profile	INFO	Using profile path C:\Users\HF_BI\AppData\Local\Temp\rust_mozprofile.olav2RvsCZ9E
1484366859496	geckodriver::marionette	INFO	Starting browser C:\Program Files (x86)\Mozilla Firefox\firefox.exe
1484366859503	geckodriver::marionette	INFO	Connecting to Marionette on localhost:54562
1484366860043	Marionette	INFO	Listening on port 54562
[Child 4848] ###!!! ABORT: Aborting on channel error.: file c:/builds/moz2_slave/m-rel-w32-00000000000000000000/build/src/ipc/glue/MessageChannel.cpp, line 2056
1484367287866	geckodriver	INFO	Listening on 127.0.0.1:54739
1484367289880	mozprofile::profile	INFO	Using profile path C:\Users\HF_BI\AppData\Local\Temp\rust_mozprofile.ZYPnG2N3b4wc
1484367289891	geckodriver::marionette	INFO	Starting browser C:\Program Files (x86)\Mozilla Firefox\firefox.exe
1484367289899	geckodriver::marionette	INFO	Connecting to Marionette on localhost:54745
1484367290497	Marionette	INFO	Listening on port 54745
1484367373851	geckodriver	INFO	Listening on 127.0.0.1:54804
1484367375864	mozprofile::profile	INFO	Using profile path C:\Users\HF_BI\AppData\Local\Temp\rust_mozprofile.ROVHMgU2ZoKg
1484367375874	geckodriver::marionette	INFO	Starting browser C:\Program Files (x86)\Mozilla Firefox\firefox.exe
1484367375885	geckodriver::marionette	INFO	Connecting to Marionette on localhost:54810
1484367376430	Marionette	INFO	Listening on port 54810
[Child 12836] ###!!! ABORT: Aborting on channel error.: file c:/builds/moz2_slave/m-rel-w32-00000000000000000000/build/src/ipc/glue/MessageChannel.cpp, line 2056
1484367521067	geckodriver	INFO	Listening on 127.0.0.1:54864
1484367523089	mozprofile::profile	INFO	Using profile path C:\Users\HF_BI\AppData\Local\Temp\rust_mozprofile.Wx3xCne06LmI
1484367523100	geckodriver::marionette	INFO	Starting browser C:\Program Files (x86)\Mozilla Firefox\firefox.exe
1484367523107	geckodriver::marionette	INFO	Connecting to Marionette on localhost:54870
1484367523718	Marionette	INFO	Listening on port 54870
[Child 13148] ###!!! ABORT: Aborting on channel error.: file c:/builds/moz2_slave/m-rel-w32-00000000000000000000/build/src/ipc/glue/MessageChannel.cpp, line 2056
1484367581865	geckodriver	INFO	Listening on 127.0.0.1:54924
1484367583870	mozprofile::profile	INFO	Using profile path C:\Users\HF_BI\AppData\Local\Temp\rust_mozprofile.3yGvRojpnBVx
1484367583876	geckodriver::marionette	INFO	Starting browser C:\Program Files (x86)\Mozilla Firefox\firefox.exe
1484367583885	geckodriver::marionette	INFO	Connecting to Marionette on localhost:54930
1484367584443	Marionette	INFO	Listening on port 54930
[Child 3220] ###!!! ABORT: Aborting on channel error.: file c:/builds/moz2_slave/m-rel-w32-00000000000000000000/build/src/ipc/glue/MessageChannel.cpp, line 2056
1484391152359	geckodriver	INFO	Listening on 127.0.0.1:56412
1484391154366	mozprofile::profile	INFO	Using profile path C:\Users\HF_BI\AppData\Local\Temp\rust_mozprofile.8C8rpEWG0Zph
1484391154377	geckodriver::marionette	INFO	Starting browser C:\Program Files (x86)\Mozilla Firefox\firefox.exe
1484391154385	geckodriver::marionette	INFO	Connecting to Marionette on localhost:56418
1484391154999	Marionette	INFO	Listening on port 56418
[Child 8420] ###!!! ABORT: Aborting on channel error.: file c:/builds/moz2_slave/m-rel-w32-00000000000000000000/build/src/ipc/glue/MessageChannel.cpp, line 2056
1484391302787	geckodriver	INFO	Listening on 127.0.0.1:56466
1484391304781	mozprofile::profile	INFO	Using profile path C:\Users\HF_BI\AppData\Local\Temp\rust_mozprofile.yvNqYMF33wGO
1484391304790	geckodriver::marionette	INFO	Starting browser C:\Program Files (x86)\Mozilla Firefox\firefox.exe
1484391304797	geckodriver::marionette	INFO	Connecting to Marionette on localhost:56474
1484391305376	Marionette	INFO	Listening on port 56474
[Child 10084] ###!!! ABORT: Aborting on channel error.: file c:/builds/moz2_slave/m-rel-w32-00000000000000000000/build/src/ipc/glue/MessageChannel.cpp, line 2056
1484451539489	geckodriver	INFO	Listening on 127.0.0.1:60527
1484451541476	mozprofile::profile	INFO	Using profile path C:\Users\HF_BI\AppData\Local\Temp\rust_mozprofile.RBJznqPWuVdl
1484451541491	geckodriver::marionette	INFO	Starting browser C:\Program Files (x86)\Mozilla Firefox\firefox.exe
1484451541491	geckodriver::marionette	INFO	Connecting to Marionette on localhost:60533
1484451542392	Marionette	INFO	Listening on port 60533
[Child 14220] ###!!! ABORT: Aborting on channel error.: file c:/builds/moz2_slave/m-rel-w32-00000000000000000000/build/src/ipc/glue/MessageChannel.cpp, line 2056
1484451790340	geckodriver	INFO	Listening on 127.0.0.1:60587
1484451792343	mozprofile::profile	INFO	Using profile path C:\Users\HF_BI\AppData\Local\Temp\rust_mozprofile.WjZBvw8fmh6g
1484451792358	geckodriver::marionette	INFO	Starting browser C:\Program Files (x86)\Mozilla Firefox\firefox.exe
1484451792358	geckodriver::marionette	INFO	Connecting to Marionette on localhost:60593
1484451792935	Marionette	INFO	Listening on port 60593
[Child 9004] ###!!! ABORT: Aborting on channel error.: file c:/builds/moz2_slave/m-rel-w32-00000000000000000000/build/src/ipc/glue/MessageChannel.cpp, line 2056
1484452150438	geckodriver	INFO	Listening on 127.0.0.1:60659
1484452152425	mozprofile::profile	INFO	Using profile path C:\Users\HF_BI\AppData\Local\Temp\rust_mozprofile.CUAV0BclVcbb
1484452152441	geckodriver::marionette	INFO	Starting browser C:\Program Files (x86)\Mozilla Firefox\firefox.exe
1484452152441	geckodriver::marionette	INFO	Connecting to Marionette on localhost:60665
1484452153032	Marionette	INFO	Listening on port 60665
[Child 3304] ###!!! ABORT: Aborting on channel error.: file c:/builds/moz2_slave/m-rel-w32-00000000000000000000/build/src/ipc/glue/MessageChannel.cpp, line 2056

###!!! [Child][MessageChannel] Error: (msgtype=0x1060003,name=PTexture::Msg_Destroy) Channel error: cannot send/recv


###!!! [Child][MessageChannel] Error: (msgtype=0x1060003,name=PTexture::Msg_Destroy) Channel error: cannot send/recv


###!!! [Child][MessageChannel] Error: (msgtype=0x420003,name=PCompositable::Msg_Destroy) Channel error: cannot send/recv


###!!! [Child][MessageChannel] Error: (msgtype=0x1060003,name=PTexture::Msg_Destroy) Channel error: cannot send/recv


###!!! [Child][MessageChannel] Error: (msgtype=0x1060003,name=PTexture::Msg_Destroy) Channel error: cannot send/recv


###!!! [Child][MessageChannel] Error: (msgtype=0x420003,name=PCompositable::Msg_Destroy) Channel error: cannot send/recv


###!!! [Child][MessageChannel] Error: (msgtype=0x1060003,name=PTexture::Msg_Destroy) Channel error: cannot send/recv


###!!! [Child][MessageChannel] Error: (msgtype=0x1060003,name=PTexture::Msg_Destroy) Channel error: cannot send/recv


###!!! [Child][MessageChannel] Error: (msgtype=0x420003,name=PCompositable::Msg_Destroy) Channel error: cannot send/recv


###!!! [Child][MessageChannel] Error: (msgtype=0x1060003,name=PTexture::Msg_Destroy) Channel error: cannot send/recv


###!!! [Child][MessageChannel] Error: (msgtype=0x1060003,name=PTexture::Msg_Destroy) Channel error: cannot send/recv


###!!! [Child][MessageChannel] Error: (msgtype=0x420003,name=PCompositable::Msg_Destroy) Channel error: cannot send/recv


###!!! [Child][MessageChannel] Error: (msgtype=0x1060003,name=PTexture::Msg_Destroy) Channel error: cannot send/recv


###!!! [Child][MessageChannel] Error: (msgtype=0x1060003,name=PTexture::Msg_Destroy) Channel error: cannot send/recv


###!!! [Child][MessageChannel] Error: (msgtype=0x420003,name=PCompositable::Msg_Destroy) Channel error: cannot send/recv


###!!! [Child][MessageChannel] Error: (msgtype=0x1060003,name=PTexture::Msg_Destroy) Channel error: cannot send/recv


###!!! [Child][MessageChannel] Error: (msgtype=0x1060003,name=PTexture::Msg_Destroy) Channel error: cannot send/recv


###!!! [Child][MessageChannel] Error: (msgtype=0x420003,name=PCompositable::Msg_Destroy) Channel error: cannot send/recv


###!!! [Child][MessageChannel] Error: (msgtype=0x1060003,name=PTexture::Msg_Destroy) Channel error: cannot send/recv


###!!! [Child][MessageChannel] Error: (msgtype=0x1060003,name=PTexture::Msg_Destroy) Channel error: cannot send/recv


###!!! [Child][MessageChannel] Error: (msgtype=0x1060003,name=PTexture::Msg_Destroy) Channel error: cannot send/recv


###!!! [Child][MessageChannel] Error: (msgtype=0x1060003,name=PTexture::Msg_Destroy) Channel error: cannot send/recv


###!!! [Child][MessageChannel] Error: (msgtype=0x420003,name=PCompositable::Msg_Destroy) Channel error: cannot send/recv


###!!! [Child][MessageChannel] Error: (msgtype=0x420003,name=PCompositable::Msg_Destroy) Channel error: cannot send/recv


###!!! [Child][MessageChannel] Error: (msgtype=0x1060003,name=PTexture::Msg_Destroy) Channel error: cannot send/recv


###!!! [Child][MessageChannel] Error: (msgtype=0x1060003,name=PTexture::Msg_Destroy) Channel error: cannot send/recv


###!!! [Child][MessageChannel] Error: (msgtype=0x420003,name=PCompositable::Msg_Destroy) Channel error: cannot send/recv

1484452181532	geckodriver	INFO	Listening on 127.0.0.1:60711
1484452183534	mozprofile::profile	INFO	Using profile path C:\Users\HF_BI\AppData\Local\Temp\rust_mozprofile.4YXsx3iNdoZc
1484452183534	geckodriver::marionette	INFO	Starting browser C:\Program Files (x86)\Mozilla Firefox\firefox.exe
1484452183549	geckodriver::marionette	INFO	Connecting to Marionette on localhost:60717
1484452184112	Marionette	INFO	Listening on port 60717
[Child 6972] ###!!! ABORT: Aborting on channel error.: file c:/builds/moz2_slave/m-rel-w32-00000000000000000000/build/src/ipc/glue/MessageChannel.cpp, line 2056
1484452344847	geckodriver	INFO	Listening on 127.0.0.1:60800
1484452346871	mozprofile::profile	INFO	Using profile path C:\Users\HF_BI\AppData\Local\Temp\rust_mozprofile.zWpLt44QKdFp
1484452346887	geckodriver::marionette	INFO	Starting browser C:\Program Files (x86)\Mozilla Firefox\firefox.exe
1484452346887	geckodriver::marionette	INFO	Connecting to Marionette on localhost:60806
1484452347426	Marionette	INFO	Listening on port 60806
[Child 1692] ###!!! ABORT: Aborting on channel error.: file c:/builds/moz2_slave/m-rel-w32-00000000000000000000/build/src/ipc/glue/MessageChannel.cpp, line 2056
1484452943435	geckodriver	INFO	Listening on 127.0.0.1:60894
1484452945421	mozprofile::profile	INFO	Using profile path C:\Users\HF_BI\AppData\Local\Temp\rust_mozprofile.khSLBLifNhX8
1484452945436	geckodriver::marionette	INFO	Starting browser C:\Program Files (x86)\Mozilla Firefox\firefox.exe
1484452945436	geckodriver::marionette	INFO	Connecting to Marionette on localhost:60900
1484452946048	Marionette	INFO	Listening on port 60900

###!!! [Child][MessageChannel] Error: (msgtype=0x1060003,name=PTexture::Msg_Destroy) Channel error: cannot send/recv

[Child 5888] ###!!! ABORT: Aborting on channel error.: file c:/builds/moz2_slave/m-rel-w32-00000000000000000000/build/src/ipc/glue/MessageChannel.cpp, line 2056

###!!! [Child][MessageChannel] Error: (msgtype=0x1060003,name=PTexture::Msg_Destroy) Channel error: cannot send/recv


###!!! [Child][MessageChannel] Error: (msgtype=0x420003,name=PCompositable::Msg_Destroy) Channel error: cannot send/recv


###!!! [Child][MessageChannel] Error: (msgtype=0x1060003,name=PTexture::Msg_Destroy) Channel error: cannot send/recv


###!!! [Child][MessageChannel] Error: (msgtype=0x1060003,name=PTexture::Msg_Destroy) Channel error: cannot send/recv


###!!! [Child][MessageChannel] Error: (msgtype=0x420003,name=PCompositable::Msg_Destroy) Channel error: cannot send/recv


###!!! [Child][MessageChannel] Error: (msgtype=0x1060003,name=PTexture::Msg_Destroy) Channel error: cannot send/recv


###!!! [Child][MessageChannel] Error: (msgtype=0x1060003,name=PTexture::Msg_Destroy) Channel error: cannot send/recv


###!!! [Child][MessageChannel] Error: (msgtype=0x420003,name=PCompositable::Msg_Destroy) Channel error: cannot send/recv


###!!! [Child][MessageChannel] Error: (msgtype=0x1060003,name=PTexture::Msg_Destroy) Channel error: cannot send/recv


###!!! [Child][MessageChannel] Error: (msgtype=0x1060003,name=PTexture::Msg_Destroy) Channel error: cannot send/recv


###!!! [Child][MessageChannel] Error: (msgtype=0x420003,name=PCompositable::Msg_Destroy) Channel error: cannot send/recv


###!!! [Child][MessageChannel] Error: (msgtype=0x1060003,name=PTexture::Msg_Destroy) Channel error: cannot send/recv


###!!! [Child][MessageChannel] Error: (msgtype=0x1060003,name=PTexture::Msg_Destroy) Channel error: cannot send/recv


###!!! [Child][MessageChannel] Error: (msgtype=0x420003,name=PCompositable::Msg_Destroy) Channel error: cannot send/recv


###!!! [Child][MessageChannel] Error: (msgtype=0x1060003,name=PTexture::Msg_Destroy) Channel error: cannot send/recv


###!!! [Child][MessageChannel] Error: (msgtype=0x1060003,name=PTexture::Msg_Destroy) Channel error: cannot send/recv


###!!! [Child][MessageChannel] Error: (msgtype=0x420003,name=PCompositable::Msg_Destroy) Channel error: cannot send/recv


###!!! [Child][MessageChannel] Error: (msgtype=0x1060003,name=PTexture::Msg_Destroy) Channel error: cannot send/recv


###!!! [Child][MessageChannel] Error: (msgtype=0x1060003,name=PTexture::Msg_Destroy) Channel error: cannot send/recv


###!!! [Child][MessageChannel] Error: (msgtype=0x420003,name=PCompositable::Msg_Destroy) Channel error: cannot send/recv


###!!! [Child][MessageChannel] Error: (msgtype=0x420003,name=PCompositable::Msg_Destroy) Channel error: cannot send/recv


###!!! [Child][MessageChannel] Error: (msgtype=0x1060003,name=PTexture::Msg_Destroy) Channel error: cannot send/recv


###!!! [Child][MessageChannel] Error: (msgtype=0x1060003,name=PTexture::Msg_Destroy) Channel error: cannot send/recv


###!!! [Child][MessageChannel] Error: (msgtype=0x1060003,name=PTexture::Msg_Destroy) Channel error: cannot send/recv


###!!! [Child][MessageChannel] Error: (msgtype=0x1060003,name=PTexture::Msg_Destroy) Channel error: cannot send/recv


###!!! [Child][MessageChannel] Error: (msgtype=0x420003,name=PCompositable::Msg_Destroy) Channel error: cannot send/recv

1484461092456	geckodriver	INFO	Listening on 127.0.0.1:61797
1484461094475	mozprofile::profile	INFO	Using profile path C:\Users\HF_BI\AppData\Local\Temp\rust_mozprofile.Ef2tgjKg1Gwp
1484461094475	geckodriver::marionette	INFO	Starting browser C:\Program Files (x86)\Mozilla Firefox\firefox.exe
1484461094490	geckodriver::marionette	INFO	Connecting to Marionette on localhost:61803
1484461095114	Marionette	INFO	Listening on port 61803
[Child 9180] ###!!! ABORT: Aborting on channel error.: file c:/builds/moz2_slave/m-rel-w32-00000000000000000000/build/src/ipc/glue/MessageChannel.cpp, line 2056
1484461723663	geckodriver	INFO	Listening on 127.0.0.1:61881
1484461725653	mozprofile::profile	INFO	Using profile path C:\Users\HF_BI\AppData\Local\Temp\rust_mozprofile.YzuVfslzeINL
1484461725671	geckodriver::marionette	INFO	Starting browser C:\Program Files (x86)\Mozilla Firefox\firefox.exe
1484461725675	geckodriver::marionette	INFO	Connecting to Marionette on localhost:61887
1484461726255	Marionette	INFO	Listening on port 61887
[Child 5172] ###!!! ABORT: Aborting on channel error.: file c:/builds/moz2_slave/m-rel-w32-00000000000000000000/build/src/ipc/glue/MessageChannel.cpp, line 2056

###!!! [Child][MessageChannel] Error: (msgtype=0x1060003,name=PTexture::Msg_Destroy) Channel error: cannot send/recv


###!!! [Child][MessageChannel] Error: (msgtype=0x1060003,name=PTexture::Msg_Destroy) Channel error: cannot send/recv


###!!! [Child][MessageChannel] Error: (msgtype=0x420003,name=PCompositable::Msg_Destroy) Channel error: cannot send/recv


###!!! [Child][MessageChannel] Error: (msgtype=0x1060003,name=PTexture::Msg_Destroy) Channel error: cannot send/recv


###!!! [Child][MessageChannel] Error: (msgtype=0x1060003,name=PTexture::Msg_Destroy) Channel error: cannot send/recv


###!!! [Child][MessageChannel] Error: (msgtype=0x1060003,name=PTexture::Msg_Destroy) Channel error: cannot send/recv


###!!! [Child][MessageChannel] Error: (msgtype=0x1060003,name=PTexture::Msg_Destroy) Channel error: cannot send/recv


###!!! [Child][MessageChannel] Error: (msgtype=0x420003,name=PCompositable::Msg_Destroy) Channel error: cannot send/recv


###!!! [Child][MessageChannel] Error: (msgtype=0x1060003,name=PTexture::Msg_Destroy) Channel error: cannot send/recv


###!!! [Child][MessageChannel] Error: (msgtype=0x1060003,name=PTexture::Msg_Destroy) Channel error: cannot send/recv


###!!! [Child][MessageChannel] Error: (msgtype=0x420003,name=PCompositable::Msg_Destroy) Channel error: cannot send/recv


###!!! [Child][MessageChannel] Error: (msgtype=0x420003,name=PCompositable::Msg_Destroy) Channel error: cannot send/recv

